0 info it worked if it ends with ok
1 verbose cli [ '/usr/local/bin/node', '/usr/local/bin/npm', 'start' ]
2 info using npm@3.3.12
3 info using node@v5.3.0
4 verbose config Skipping project config: /Users/nagabhushanamn/.npmrc. (matches userconfig)
5 verbose run-script [ 'prestart', 'start', 'poststart' ]
6 info lifecycle nagabhushanamn@0.0.0~prestart: nagabhushanamn@0.0.0
7 silly lifecycle nagabhushanamn@0.0.0~prestart: no script for prestart, continuing
8 info lifecycle nagabhushanamn@0.0.0~start: nagabhushanamn@0.0.0
9 verbose lifecycle nagabhushanamn@0.0.0~start: unsafe-perm in lifecycle true
10 verbose lifecycle nagabhushanamn@0.0.0~start: PATH: /usr/local/lib/node_modules/npm/bin/node-gyp-bin:/Users/nagabhushanamn/node_modules/.bin:/Users/nagabhushanamn/bin/Sencha/Cmd/6.0.2.14/..:/Users/nagabhushanamn/bin/Sencha/Cmd/5.1.3.61:/Users/nagabhushanamn/bin/Sencha/Cmd/6.0.2.14/..:/Users/nagabhushanamn/Ext-JS/sencha-cmd/..:/Users/nagabhushanamn/bin/Sencha/Cmd/6.0.2.14/..:/usr/local/bin:/usr/bin:/bin:/usr/sbin:/sbin:/Users/nagabhushanamn/mongodb/bin
11 verbose lifecycle nagabhushanamn@0.0.0~start: CWD: /Users/nagabhushanamn
12 silly lifecycle nagabhushanamn@0.0.0~start: Args: [ '-c', 'node ./bin/www' ]
13 silly lifecycle nagabhushanamn@0.0.0~start: Returned: code: 1  signal: null
14 info lifecycle nagabhushanamn@0.0.0~start: Failed to exec start script
15 verbose stack Error: nagabhushanamn@0.0.0 start: `node ./bin/www`
15 verbose stack Exit status 1
15 verbose stack     at EventEmitter.<anonymous> (/usr/local/lib/node_modules/npm/lib/utils/lifecycle.js:232:16)
15 verbose stack     at emitTwo (events.js:87:13)
15 verbose stack     at EventEmitter.emit (events.js:172:7)
15 verbose stack     at ChildProcess.<anonymous> (/usr/local/lib/node_modules/npm/lib/utils/spawn.js:24:14)
15 verbose stack     at emitTwo (events.js:87:13)
15 verbose stack     at ChildProcess.emit (events.js:172:7)
15 verbose stack     at maybeClose (internal/child_process.js:818:16)
15 verbose stack     at Process.ChildProcess._handle.onexit (internal/child_process.js:211:5)
16 verbose pkgid nagabhushanamn@0.0.0
17 verbose cwd /Users/nagabhushanamn/Documents/workspace/ibm-node/PM - (server app)
18 error Darwin 15.4.0
19 error argv "/usr/local/bin/node" "/usr/local/bin/npm" "start"
20 error node v5.3.0
21 error npm  v3.3.12
22 error code ELIFECYCLE
23 error nagabhushanamn@0.0.0 start: `node ./bin/www`
23 error Exit status 1
24 error Failed at the nagabhushanamn@0.0.0 start script 'node ./bin/www'.
24 error Make sure you have the latest version of node.js and npm installed.
24 error If you do, this is most likely a problem with the nagabhushanamn package,
24 error not with npm itself.
24 error Tell the author that this fails on your system:
24 error     node ./bin/www
24 error You can get their info via:
24 error     npm owner ls nagabhushanamn
24 error There is likely additional logging output above.
25 verbose exit [ 1, true ]
